<?xml version="1.0" encoding="UTF-8"?>
<testsuite xmlns:xsi="http://www.w3.org/2001/XMLSchema-instance" xsi:noNamespaceSchemaLocation="https://maven.apache.org/surefire/maven-surefire-plugin/xsd/surefire-test-report-3.0.xsd" version="3.0" name="cl.perfulandia.inventario.controller.MovimientoControllerTest" time="0.68" tests="10" errors="0" skipped="0" failures="0">
  <properties>
    <property name="java.specification.version" value="22"/>
    <property name="sun.cpu.isalist" value="amd64"/>
    <property name="sun.jnu.encoding" value="Cp1252"/>
    <property name="java.class.path" value="C:\Users\USER\Desktop\Inventario\target\test-classes;C:\Users\USER\Desktop\Inventario\target\classes;C:\Users\USER\.m2\repository\org\springframework\boot\spring-boot-starter-actuator\3.3.10\spring-boot-starter-actuator-3.3.10.jar;C:\Users\USER\.m2\repository\org\springframework\boot\spring-boot-starter\3.3.10\spring-boot-starter-3.3.10.jar;C:\Users\USER\.m2\repository\org\springframework\boot\spring-boot-starter-logging\3.3.10\spring-boot-starter-logging-3.3.10.jar;C:\Users\USER\.m2\repository\ch\qos\logback\logback-classic\1.5.18\logback-classic-1.5.18.jar;C:\Users\USER\.m2\repository\ch\qos\logback\logback-core\1.5.18\logback-core-1.5.18.jar;C:\Users\USER\.m2\repository\org\apache\logging\log4j\log4j-to-slf4j\2.23.1\log4j-to-slf4j-2.23.1.jar;C:\Users\USER\.m2\repository\org\apache\logging\log4j\log4j-api\2.23.1\log4j-api-2.23.1.jar;C:\Users\USER\.m2\repository\org\slf4j\jul-to-slf4j\2.0.17\jul-to-slf4j-2.0.17.jar;C:\Users\USER\.m2\repository\jakarta\annotation\jakarta.annotation-api\2.1.1\jakarta.annotation-api-2.1.1.jar;C:\Users\USER\.m2\repository\org\yaml\snakeyaml\2.2\snakeyaml-2.2.jar;C:\Users\USER\.m2\repository\org\springframework\boot\spring-boot-actuator-autoconfigure\3.3.10\spring-boot-actuator-autoconfigure-3.3.10.jar;C:\Users\USER\.m2\repository\org\springframework\boot\spring-boot-actuator\3.3.10\spring-boot-actuator-3.3.10.jar;C:\Users\USER\.m2\repository\com\fasterxml\jackson\core\jackson-databind\2.17.3\jackson-databind-2.17.3.jar;C:\Users\USER\.m2\repository\com\fasterxml\jackson\core\jackson-annotations\2.17.3\jackson-annotations-2.17.3.jar;C:\Users\USER\.m2\repository\com\fasterxml\jackson\core\jackson-core\2.17.3\jackson-core-2.17.3.jar;C:\Users\USER\.m2\repository\com\fasterxml\jackson\datatype\jackson-datatype-jsr310\2.17.3\jackson-datatype-jsr310-2.17.3.jar;C:\Users\USER\.m2\repository\io\micrometer\micrometer-observation\1.13.12\micrometer-observation-1.13.12.jar;C:\Users\USER\.m2\repository\io\micrometer\micrometer-commons\1.13.12\micrometer-commons-1.13.12.jar;C:\Users\USER\.m2\repository\io\micrometer\micrometer-jakarta9\1.13.12\micrometer-jakarta9-1.13.12.jar;C:\Users\USER\.m2\repository\io\micrometer\micrometer-core\1.13.12\micrometer-core-1.13.12.jar;C:\Users\USER\.m2\repository\org\hdrhistogram\HdrHistogram\2.2.2\HdrHistogram-2.2.2.jar;C:\Users\USER\.m2\repository\org\latencyutils\LatencyUtils\2.0.3\LatencyUtils-2.0.3.jar;C:\Users\USER\.m2\repository\org\springframework\boot\spring-boot-starter-data-jpa\3.3.10\spring-boot-starter-data-jpa-3.3.10.jar;C:\Users\USER\.m2\repository\org\springframework\boot\spring-boot-starter-aop\3.3.10\spring-boot-starter-aop-3.3.10.jar;C:\Users\USER\.m2\repository\org\springframework\spring-aop\6.1.18\spring-aop-6.1.18.jar;C:\Users\USER\.m2\repository\org\aspectj\aspectjweaver\1.9.23\aspectjweaver-1.9.23.jar;C:\Users\USER\.m2\repository\org\springframework\boot\spring-boot-starter-jdbc\3.3.10\spring-boot-starter-jdbc-3.3.10.jar;C:\Users\USER\.m2\repository\com\zaxxer\HikariCP\5.1.0\HikariCP-5.1.0.jar;C:\Users\USER\.m2\repository\org\springframework\spring-jdbc\6.1.18\spring-jdbc-6.1.18.jar;C:\Users\USER\.m2\repository\org\hibernate\orm\hibernate-core\6.5.3.Final\hibernate-core-6.5.3.Final.jar;C:\Users\USER\.m2\repository\jakarta\persistence\jakarta.persistence-api\3.1.0\jakarta.persistence-api-3.1.0.jar;C:\Users\USER\.m2\repository\jakarta\transaction\jakarta.transaction-api\2.0.1\jakarta.transaction-api-2.0.1.jar;C:\Users\USER\.m2\repository\org\jboss\logging\jboss-logging\3.5.3.Final\jboss-logging-3.5.3.Final.jar;C:\Users\USER\.m2\repository\org\hibernate\common\hibernate-commons-annotations\6.0.6.Final\hibernate-commons-annotations-6.0.6.Final.jar;C:\Users\USER\.m2\repository\io\smallrye\jandex\3.1.2\jandex-3.1.2.jar;C:\Users\USER\.m2\repository\com\fasterxml\classmate\1.7.0\classmate-1.7.0.jar;C:\Users\USER\.m2\repository\org\glassfish\jaxb\jaxb-runtime\4.0.5\jaxb-runtime-4.0.5.jar;C:\Users\USER\.m2\repository\org\glassfish\jaxb\jaxb-core\4.0.5\jaxb-core-4.0.5.jar;C:\Users\USER\.m2\repository\org\eclipse\angus\angus-activation\2.0.2\angus-activation-2.0.2.jar;C:\Users\USER\.m2\repository\org\glassfish\jaxb\txw2\4.0.5\txw2-4.0.5.jar;C:\Users\USER\.m2\repository\com\sun\istack\istack-commons-runtime\4.1.2\istack-commons-runtime-4.1.2.jar;C:\Users\USER\.m2\repository\jakarta\inject\jakarta.inject-api\2.0.1\jakarta.inject-api-2.0.1.jar;C:\Users\USER\.m2\repository\org\antlr\antlr4-runtime\4.13.0\antlr4-runtime-4.13.0.jar;C:\Users\USER\.m2\repository\org\springframework\data\spring-data-jpa\3.3.10\spring-data-jpa-3.3.10.jar;C:\Users\USER\.m2\repository\org\springframework\data\spring-data-commons\3.3.10\spring-data-commons-3.3.10.jar;C:\Users\USER\.m2\repository\org\springframework\spring-orm\6.1.18\spring-orm-6.1.18.jar;C:\Users\USER\.m2\repository\org\springframework\spring-context\6.1.18\spring-context-6.1.18.jar;C:\Users\USER\.m2\repository\org\springframework\spring-tx\6.1.18\spring-tx-6.1.18.jar;C:\Users\USER\.m2\repository\org\springframework\spring-beans\6.1.18\spring-beans-6.1.18.jar;C:\Users\USER\.m2\repository\org\slf4j\slf4j-api\2.0.17\slf4j-api-2.0.17.jar;C:\Users\USER\.m2\repository\org\springframework\spring-aspects\6.1.18\spring-aspects-6.1.18.jar;C:\Users\USER\.m2\repository\org\springframework\cloud\spring-cloud-starter-openfeign\4.1.1\spring-cloud-starter-openfeign-4.1.1.jar;C:\Users\USER\.m2\repository\org\springframework\cloud\spring-cloud-starter\4.1.2\spring-cloud-starter-4.1.2.jar;C:\Users\USER\.m2\repository\org\springframework\cloud\spring-cloud-context\4.1.2\spring-cloud-context-4.1.2.jar;C:\Users\USER\.m2\repository\org\springframework\security\spring-security-rsa\1.1.2\spring-security-rsa-1.1.2.jar;C:\Users\USER\.m2\repository\org\bouncycastle\bcprov-jdk18on\1.77\bcprov-jdk18on-1.77.jar;C:\Users\USER\.m2\repository\org\springframework\cloud\spring-cloud-openfeign-core\4.1.1\spring-cloud-openfeign-core-4.1.1.jar;C:\Users\USER\.m2\repository\io\github\openfeign\form\feign-form-spring\3.8.0\feign-form-spring-3.8.0.jar;C:\Users\USER\.m2\repository\io\github\openfeign\form\feign-form\3.8.0\feign-form-3.8.0.jar;C:\Users\USER\.m2\repository\commons-fileupload\commons-fileupload\1.5\commons-fileupload-1.5.jar;C:\Users\USER\.m2\repository\commons-io\commons-io\2.11.0\commons-io-2.11.0.jar;C:\Users\USER\.m2\repository\org\springframework\spring-web\6.1.18\spring-web-6.1.18.jar;C:\Users\USER\.m2\repository\org\springframework\cloud\spring-cloud-commons\4.1.2\spring-cloud-commons-4.1.2.jar;C:\Users\USER\.m2\repository\org\springframework\security\spring-security-crypto\6.3.8\spring-security-crypto-6.3.8.jar;C:\Users\USER\.m2\repository\io\github\openfeign\feign-core\13.2.1\feign-core-13.2.1.jar;C:\Users\USER\.m2\repository\io\github\openfeign\feign-slf4j\13.2.1\feign-slf4j-13.2.1.jar;C:\Users\USER\.m2\repository\org\mockito\mockito-core\5.11.0\mockito-core-5.11.0.jar;C:\Users\USER\.m2\repository\net\bytebuddy\byte-buddy\1.14.19\byte-buddy-1.14.19.jar;C:\Users\USER\.m2\repository\net\bytebuddy\byte-buddy-agent\1.14.19\byte-buddy-agent-1.14.19.jar;C:\Users\USER\.m2\repository\org\objenesis\objenesis\3.3\objenesis-3.3.jar;C:\Users\USER\.m2\repository\org\junit\jupiter\junit-jupiter-engine\5.10.5\junit-jupiter-engine-5.10.5.jar;C:\Users\USER\.m2\repository\org\junit\platform\junit-platform-engine\1.10.5\junit-platform-engine-1.10.5.jar;C:\Users\USER\.m2\repository\org\opentest4j\opentest4j\1.3.0\opentest4j-1.3.0.jar;C:\Users\USER\.m2\repository\org\junit\platform\junit-platform-commons\1.10.5\junit-platform-commons-1.10.5.jar;C:\Users\USER\.m2\repository\org\junit\jupiter\junit-jupiter-api\5.10.5\junit-jupiter-api-5.10.5.jar;C:\Users\USER\.m2\repository\org\apiguardian\apiguardian-api\1.1.2\apiguardian-api-1.1.2.jar;C:\Users\USER\.m2\repository\com\h2database\h2\2.2.224\h2-2.2.224.jar;C:\Users\USER\.m2\repository\org\springframework\boot\spring-boot-starter-web\3.3.10\spring-boot-starter-web-3.3.10.jar;C:\Users\USER\.m2\repository\org\springframework\boot\spring-boot-starter-json\3.3.10\spring-boot-starter-json-3.3.10.jar;C:\Users\USER\.m2\repository\com\fasterxml\jackson\datatype\jackson-datatype-jdk8\2.17.3\jackson-datatype-jdk8-2.17.3.jar;C:\Users\USER\.m2\repository\com\fasterxml\jackson\module\jackson-module-parameter-names\2.17.3\jackson-module-parameter-names-2.17.3.jar;C:\Users\USER\.m2\repository\org\springframework\boot\spring-boot-starter-tomcat\3.3.10\spring-boot-starter-tomcat-3.3.10.jar;C:\Users\USER\.m2\repository\org\apache\tomcat\embed\tomcat-embed-core\10.1.39\tomcat-embed-core-10.1.39.jar;C:\Users\USER\.m2\repository\org\apache\tomcat\embed\tomcat-embed-el\10.1.39\tomcat-embed-el-10.1.39.jar;C:\Users\USER\.m2\repository\org\apache\tomcat\embed\tomcat-embed-websocket\10.1.39\tomcat-embed-websocket-10.1.39.jar;C:\Users\USER\.m2\repository\org\springframework\spring-webmvc\6.1.18\spring-webmvc-6.1.18.jar;C:\Users\USER\.m2\repository\org\springframework\spring-expression\6.1.18\spring-expression-6.1.18.jar;C:\Users\USER\.m2\repository\org\springframework\boot\spring-boot-devtools\3.3.10\spring-boot-devtools-3.3.10.jar;C:\Users\USER\.m2\repository\org\springframework\boot\spring-boot\3.3.10\spring-boot-3.3.10.jar;C:\Users\USER\.m2\repository\org\springframework\boot\spring-boot-autoconfigure\3.3.10\spring-boot-autoconfigure-3.3.10.jar;C:\Users\USER\.m2\repository\com\mysql\mysql-connector-j\8.3.0\mysql-connector-j-8.3.0.jar;C:\Users\USER\.m2\repository\org\projectlombok\lombok\1.18.36\lombok-1.18.36.jar;C:\Users\USER\.m2\repository\org\springframework\boot\spring-boot-starter-test\3.3.10\spring-boot-starter-test-3.3.10.jar;C:\Users\USER\.m2\repository\org\springframework\boot\spring-boot-test\3.3.10\spring-boot-test-3.3.10.jar;C:\Users\USER\.m2\repository\org\springframework\boot\spring-boot-test-autoconfigure\3.3.10\spring-boot-test-autoconfigure-3.3.10.jar;C:\Users\USER\.m2\repository\com\jayway\jsonpath\json-path\2.9.0\json-path-2.9.0.jar;C:\Users\USER\.m2\repository\jakarta\xml\bind\jakarta.xml.bind-api\4.0.2\jakarta.xml.bind-api-4.0.2.jar;C:\Users\USER\.m2\repository\jakarta\activation\jakarta.activation-api\2.1.3\jakarta.activation-api-2.1.3.jar;C:\Users\USER\.m2\repository\net\minidev\json-smart\2.5.2\json-smart-2.5.2.jar;C:\Users\USER\.m2\repository\net\minidev\accessors-smart\2.5.2\accessors-smart-2.5.2.jar;C:\Users\USER\.m2\repository\org\ow2\asm\asm\9.7.1\asm-9.7.1.jar;C:\Users\USER\.m2\repository\org\assertj\assertj-core\3.25.3\assertj-core-3.25.3.jar;C:\Users\USER\.m2\repository\org\awaitility\awaitility\4.2.2\awaitility-4.2.2.jar;C:\Users\USER\.m2\repository\org\hamcrest\hamcrest\2.2\hamcrest-2.2.jar;C:\Users\USER\.m2\repository\org\junit\jupiter\junit-jupiter\5.10.5\junit-jupiter-5.10.5.jar;C:\Users\USER\.m2\repository\org\junit\jupiter\junit-jupiter-params\5.10.5\junit-jupiter-params-5.10.5.jar;C:\Users\USER\.m2\repository\org\mockito\mockito-junit-jupiter\5.11.0\mockito-junit-jupiter-5.11.0.jar;C:\Users\USER\.m2\repository\org\skyscreamer\jsonassert\1.5.3\jsonassert-1.5.3.jar;C:\Users\USER\.m2\repository\com\vaadin\external\google\android-json\0.0.20131108.vaadin1\android-json-0.0.20131108.vaadin1.jar;C:\Users\USER\.m2\repository\org\springframework\spring-core\6.1.18\spring-core-6.1.18.jar;C:\Users\USER\.m2\repository\org\springframework\spring-jcl\6.1.18\spring-jcl-6.1.18.jar;C:\Users\USER\.m2\repository\org\springframework\spring-test\6.1.18\spring-test-6.1.18.jar;C:\Users\USER\.m2\repository\org\xmlunit\xmlunit-core\2.9.1\xmlunit-core-2.9.1.jar;C:\Users\USER\.m2\repository\org\springdoc\springdoc-openapi-starter-webmvc-ui\2.6.0\springdoc-openapi-starter-webmvc-ui-2.6.0.jar;C:\Users\USER\.m2\repository\org\springdoc\springdoc-openapi-starter-webmvc-api\2.6.0\springdoc-openapi-starter-webmvc-api-2.6.0.jar;C:\Users\USER\.m2\repository\org\springdoc\springdoc-openapi-starter-common\2.6.0\springdoc-openapi-starter-common-2.6.0.jar;C:\Users\USER\.m2\repository\io\swagger\core\v3\swagger-core-jakarta\2.2.22\swagger-core-jakarta-2.2.22.jar;C:\Users\USER\.m2\repository\org\apache\commons\commons-lang3\3.14.0\commons-lang3-3.14.0.jar;C:\Users\USER\.m2\repository\io\swagger\core\v3\swagger-annotations-jakarta\2.2.22\swagger-annotations-jakarta-2.2.22.jar;C:\Users\USER\.m2\repository\io\swagger\core\v3\swagger-models-jakarta\2.2.22\swagger-models-jakarta-2.2.22.jar;C:\Users\USER\.m2\repository\jakarta\validation\jakarta.validation-api\3.0.2\jakarta.validation-api-3.0.2.jar;C:\Users\USER\.m2\repository\com\fasterxml\jackson\dataformat\jackson-dataformat-yaml\2.17.3\jackson-dataformat-yaml-2.17.3.jar;C:\Users\USER\.m2\repository\org\webjars\swagger-ui\5.17.14\swagger-ui-5.17.14.jar;C:\Users\USER\.m2\repository\org\springframework\boot\spring-boot-starter-hateoas\3.3.10\spring-boot-starter-hateoas-3.3.10.jar;C:\Users\USER\.m2\repository\org\springframework\hateoas\spring-hateoas\2.3.4\spring-hateoas-2.3.4.jar;C:\Users\USER\.m2\repository\org\springframework\plugin\spring-plugin-core\3.0.0\spring-plugin-core-3.0.0.jar;"/>
    <property name="java.vm.vendor" value="Oracle Corporation"/>
    <property name="sun.arch.data.model" value="64"/>
    <property name="user.variant" value=""/>
    <property name="java.vendor.url" value="https://java.oracle.com/"/>
    <property name="user.timezone" value="America/Santiago"/>
    <property name="org.jboss.logging.provider" value="slf4j"/>
    <property name="os.name" value="Windows 10"/>
    <property name="java.vm.specification.version" value="22"/>
    <property name="sun.java.launcher" value="SUN_STANDARD"/>
    <property name="user.country" value="CL"/>
    <property name="sun.boot.library.path" value="C:\Program Files\Java\jdk-22\bin"/>
    <property name="sun.java.command" value="C:\Users\USER\AppData\Local\Temp\surefire15324543274804106044\surefirebooter-20250623190417871_3.jar C:\Users\USER\AppData\Local\Temp\surefire15324543274804106044 2025-06-23T19-04-17_737-jvmRun1 surefire-20250623190417871_1tmp surefire_0-20250623190417871_2tmp"/>
    <property name="jdk.debug" value="release"/>
    <property name="surefire.test.class.path" value="C:\Users\USER\Desktop\Inventario\target\test-classes;C:\Users\USER\Desktop\Inventario\target\classes;C:\Users\USER\.m2\repository\org\springframework\boot\spring-boot-starter-actuator\3.3.10\spring-boot-starter-actuator-3.3.10.jar;C:\Users\USER\.m2\repository\org\springframework\boot\spring-boot-starter\3.3.10\spring-boot-starter-3.3.10.jar;C:\Users\USER\.m2\repository\org\springframework\boot\spring-boot-starter-logging\3.3.10\spring-boot-starter-logging-3.3.10.jar;C:\Users\USER\.m2\repository\ch\qos\logback\logback-classic\1.5.18\logback-classic-1.5.18.jar;C:\Users\USER\.m2\repository\ch\qos\logback\logback-core\1.5.18\logback-core-1.5.18.jar;C:\Users\USER\.m2\repository\org\apache\logging\log4j\log4j-to-slf4j\2.23.1\log4j-to-slf4j-2.23.1.jar;C:\Users\USER\.m2\repository\org\apache\logging\log4j\log4j-api\2.23.1\log4j-api-2.23.1.jar;C:\Users\USER\.m2\repository\org\slf4j\jul-to-slf4j\2.0.17\jul-to-slf4j-2.0.17.jar;C:\Users\USER\.m2\repository\jakarta\annotation\jakarta.annotation-api\2.1.1\jakarta.annotation-api-2.1.1.jar;C:\Users\USER\.m2\repository\org\yaml\snakeyaml\2.2\snakeyaml-2.2.jar;C:\Users\USER\.m2\repository\org\springframework\boot\spring-boot-actuator-autoconfigure\3.3.10\spring-boot-actuator-autoconfigure-3.3.10.jar;C:\Users\USER\.m2\repository\org\springframework\boot\spring-boot-actuator\3.3.10\spring-boot-actuator-3.3.10.jar;C:\Users\USER\.m2\repository\com\fasterxml\jackson\core\jackson-databind\2.17.3\jackson-databind-2.17.3.jar;C:\Users\USER\.m2\repository\com\fasterxml\jackson\core\jackson-annotations\2.17.3\jackson-annotations-2.17.3.jar;C:\Users\USER\.m2\repository\com\fasterxml\jackson\core\jackson-core\2.17.3\jackson-core-2.17.3.jar;C:\Users\USER\.m2\repository\com\fasterxml\jackson\datatype\jackson-datatype-jsr310\2.17.3\jackson-datatype-jsr310-2.17.3.jar;C:\Users\USER\.m2\repository\io\micrometer\micrometer-observation\1.13.12\micrometer-observation-1.13.12.jar;C:\Users\USER\.m2\repository\io\micrometer\micrometer-commons\1.13.12\micrometer-commons-1.13.12.jar;C:\Users\USER\.m2\repository\io\micrometer\micrometer-jakarta9\1.13.12\micrometer-jakarta9-1.13.12.jar;C:\Users\USER\.m2\repository\io\micrometer\micrometer-core\1.13.12\micrometer-core-1.13.12.jar;C:\Users\USER\.m2\repository\org\hdrhistogram\HdrHistogram\2.2.2\HdrHistogram-2.2.2.jar;C:\Users\USER\.m2\repository\org\latencyutils\LatencyUtils\2.0.3\LatencyUtils-2.0.3.jar;C:\Users\USER\.m2\repository\org\springframework\boot\spring-boot-starter-data-jpa\3.3.10\spring-boot-starter-data-jpa-3.3.10.jar;C:\Users\USER\.m2\repository\org\springframework\boot\spring-boot-starter-aop\3.3.10\spring-boot-starter-aop-3.3.10.jar;C:\Users\USER\.m2\repository\org\springframework\spring-aop\6.1.18\spring-aop-6.1.18.jar;C:\Users\USER\.m2\repository\org\aspectj\aspectjweaver\1.9.23\aspectjweaver-1.9.23.jar;C:\Users\USER\.m2\repository\org\springframework\boot\spring-boot-starter-jdbc\3.3.10\spring-boot-starter-jdbc-3.3.10.jar;C:\Users\USER\.m2\repository\com\zaxxer\HikariCP\5.1.0\HikariCP-5.1.0.jar;C:\Users\USER\.m2\repository\org\springframework\spring-jdbc\6.1.18\spring-jdbc-6.1.18.jar;C:\Users\USER\.m2\repository\org\hibernate\orm\hibernate-core\6.5.3.Final\hibernate-core-6.5.3.Final.jar;C:\Users\USER\.m2\repository\jakarta\persistence\jakarta.persistence-api\3.1.0\jakarta.persistence-api-3.1.0.jar;C:\Users\USER\.m2\repository\jakarta\transaction\jakarta.transaction-api\2.0.1\jakarta.transaction-api-2.0.1.jar;C:\Users\USER\.m2\repository\org\jboss\logging\jboss-logging\3.5.3.Final\jboss-logging-3.5.3.Final.jar;C:\Users\USER\.m2\repository\org\hibernate\common\hibernate-commons-annotations\6.0.6.Final\hibernate-commons-annotations-6.0.6.Final.jar;C:\Users\USER\.m2\repository\io\smallrye\jandex\3.1.2\jandex-3.1.2.jar;C:\Users\USER\.m2\repository\com\fasterxml\classmate\1.7.0\classmate-1.7.0.jar;C:\Users\USER\.m2\repository\org\glassfish\jaxb\jaxb-runtime\4.0.5\jaxb-runtime-4.0.5.jar;C:\Users\USER\.m2\repository\org\glassfish\jaxb\jaxb-core\4.0.5\jaxb-core-4.0.5.jar;C:\Users\USER\.m2\repository\org\eclipse\angus\angus-activation\2.0.2\angus-activation-2.0.2.jar;C:\Users\USER\.m2\repository\org\glassfish\jaxb\txw2\4.0.5\txw2-4.0.5.jar;C:\Users\USER\.m2\repository\com\sun\istack\istack-commons-runtime\4.1.2\istack-commons-runtime-4.1.2.jar;C:\Users\USER\.m2\repository\jakarta\inject\jakarta.inject-api\2.0.1\jakarta.inject-api-2.0.1.jar;C:\Users\USER\.m2\repository\org\antlr\antlr4-runtime\4.13.0\antlr4-runtime-4.13.0.jar;C:\Users\USER\.m2\repository\org\springframework\data\spring-data-jpa\3.3.10\spring-data-jpa-3.3.10.jar;C:\Users\USER\.m2\repository\org\springframework\data\spring-data-commons\3.3.10\spring-data-commons-3.3.10.jar;C:\Users\USER\.m2\repository\org\springframework\spring-orm\6.1.18\spring-orm-6.1.18.jar;C:\Users\USER\.m2\repository\org\springframework\spring-context\6.1.18\spring-context-6.1.18.jar;C:\Users\USER\.m2\repository\org\springframework\spring-tx\6.1.18\spring-tx-6.1.18.jar;C:\Users\USER\.m2\repository\org\springframework\spring-beans\6.1.18\spring-beans-6.1.18.jar;C:\Users\USER\.m2\repository\org\slf4j\slf4j-api\2.0.17\slf4j-api-2.0.17.jar;C:\Users\USER\.m2\repository\org\springframework\spring-aspects\6.1.18\spring-aspects-6.1.18.jar;C:\Users\USER\.m2\repository\org\springframework\cloud\spring-cloud-starter-openfeign\4.1.1\spring-cloud-starter-openfeign-4.1.1.jar;C:\Users\USER\.m2\repository\org\springframework\cloud\spring-cloud-starter\4.1.2\spring-cloud-starter-4.1.2.jar;C:\Users\USER\.m2\repository\org\springframework\cloud\spring-cloud-context\4.1.2\spring-cloud-context-4.1.2.jar;C:\Users\USER\.m2\repository\org\springframework\security\spring-security-rsa\1.1.2\spring-security-rsa-1.1.2.jar;C:\Users\USER\.m2\repository\org\bouncycastle\bcprov-jdk18on\1.77\bcprov-jdk18on-1.77.jar;C:\Users\USER\.m2\repository\org\springframework\cloud\spring-cloud-openfeign-core\4.1.1\spring-cloud-openfeign-core-4.1.1.jar;C:\Users\USER\.m2\repository\io\github\openfeign\form\feign-form-spring\3.8.0\feign-form-spring-3.8.0.jar;C:\Users\USER\.m2\repository\io\github\openfeign\form\feign-form\3.8.0\feign-form-3.8.0.jar;C:\Users\USER\.m2\repository\commons-fileupload\commons-fileupload\1.5\commons-fileupload-1.5.jar;C:\Users\USER\.m2\repository\commons-io\commons-io\2.11.0\commons-io-2.11.0.jar;C:\Users\USER\.m2\repository\org\springframework\spring-web\6.1.18\spring-web-6.1.18.jar;C:\Users\USER\.m2\repository\org\springframework\cloud\spring-cloud-commons\4.1.2\spring-cloud-commons-4.1.2.jar;C:\Users\USER\.m2\repository\org\springframework\security\spring-security-crypto\6.3.8\spring-security-crypto-6.3.8.jar;C:\Users\USER\.m2\repository\io\github\openfeign\feign-core\13.2.1\feign-core-13.2.1.jar;C:\Users\USER\.m2\repository\io\github\openfeign\feign-slf4j\13.2.1\feign-slf4j-13.2.1.jar;C:\Users\USER\.m2\repository\org\mockito\mockito-core\5.11.0\mockito-core-5.11.0.jar;C:\Users\USER\.m2\repository\net\bytebuddy\byte-buddy\1.14.19\byte-buddy-1.14.19.jar;C:\Users\USER\.m2\repository\net\bytebuddy\byte-buddy-agent\1.14.19\byte-buddy-agent-1.14.19.jar;C:\Users\USER\.m2\repository\org\objenesis\objenesis\3.3\objenesis-3.3.jar;C:\Users\USER\.m2\repository\org\junit\jupiter\junit-jupiter-engine\5.10.5\junit-jupiter-engine-5.10.5.jar;C:\Users\USER\.m2\repository\org\junit\platform\junit-platform-engine\1.10.5\junit-platform-engine-1.10.5.jar;C:\Users\USER\.m2\repository\org\opentest4j\opentest4j\1.3.0\opentest4j-1.3.0.jar;C:\Users\USER\.m2\repository\org\junit\platform\junit-platform-commons\1.10.5\junit-platform-commons-1.10.5.jar;C:\Users\USER\.m2\repository\org\junit\jupiter\junit-jupiter-api\5.10.5\junit-jupiter-api-5.10.5.jar;C:\Users\USER\.m2\repository\org\apiguardian\apiguardian-api\1.1.2\apiguardian-api-1.1.2.jar;C:\Users\USER\.m2\repository\com\h2database\h2\2.2.224\h2-2.2.224.jar;C:\Users\USER\.m2\repository\org\springframework\boot\spring-boot-starter-web\3.3.10\spring-boot-starter-web-3.3.10.jar;C:\Users\USER\.m2\repository\org\springframework\boot\spring-boot-starter-json\3.3.10\spring-boot-starter-json-3.3.10.jar;C:\Users\USER\.m2\repository\com\fasterxml\jackson\datatype\jackson-datatype-jdk8\2.17.3\jackson-datatype-jdk8-2.17.3.jar;C:\Users\USER\.m2\repository\com\fasterxml\jackson\module\jackson-module-parameter-names\2.17.3\jackson-module-parameter-names-2.17.3.jar;C:\Users\USER\.m2\repository\org\springframework\boot\spring-boot-starter-tomcat\3.3.10\spring-boot-starter-tomcat-3.3.10.jar;C:\Users\USER\.m2\repository\org\apache\tomcat\embed\tomcat-embed-core\10.1.39\tomcat-embed-core-10.1.39.jar;C:\Users\USER\.m2\repository\org\apache\tomcat\embed\tomcat-embed-el\10.1.39\tomcat-embed-el-10.1.39.jar;C:\Users\USER\.m2\repository\org\apache\tomcat\embed\tomcat-embed-websocket\10.1.39\tomcat-embed-websocket-10.1.39.jar;C:\Users\USER\.m2\repository\org\springframework\spring-webmvc\6.1.18\spring-webmvc-6.1.18.jar;C:\Users\USER\.m2\repository\org\springframework\spring-expression\6.1.18\spring-expression-6.1.18.jar;C:\Users\USER\.m2\repository\org\springframework\boot\spring-boot-devtools\3.3.10\spring-boot-devtools-3.3.10.jar;C:\Users\USER\.m2\repository\org\springframework\boot\spring-boot\3.3.10\spring-boot-3.3.10.jar;C:\Users\USER\.m2\repository\org\springframework\boot\spring-boot-autoconfigure\3.3.10\spring-boot-autoconfigure-3.3.10.jar;C:\Users\USER\.m2\repository\com\mysql\mysql-connector-j\8.3.0\mysql-connector-j-8.3.0.jar;C:\Users\USER\.m2\repository\org\projectlombok\lombok\1.18.36\lombok-1.18.36.jar;C:\Users\USER\.m2\repository\org\springframework\boot\spring-boot-starter-test\3.3.10\spring-boot-starter-test-3.3.10.jar;C:\Users\USER\.m2\repository\org\springframework\boot\spring-boot-test\3.3.10\spring-boot-test-3.3.10.jar;C:\Users\USER\.m2\repository\org\springframework\boot\spring-boot-test-autoconfigure\3.3.10\spring-boot-test-autoconfigure-3.3.10.jar;C:\Users\USER\.m2\repository\com\jayway\jsonpath\json-path\2.9.0\json-path-2.9.0.jar;C:\Users\USER\.m2\repository\jakarta\xml\bind\jakarta.xml.bind-api\4.0.2\jakarta.xml.bind-api-4.0.2.jar;C:\Users\USER\.m2\repository\jakarta\activation\jakarta.activation-api\2.1.3\jakarta.activation-api-2.1.3.jar;C:\Users\USER\.m2\repository\net\minidev\json-smart\2.5.2\json-smart-2.5.2.jar;C:\Users\USER\.m2\repository\net\minidev\accessors-smart\2.5.2\accessors-smart-2.5.2.jar;C:\Users\USER\.m2\repository\org\ow2\asm\asm\9.7.1\asm-9.7.1.jar;C:\Users\USER\.m2\repository\org\assertj\assertj-core\3.25.3\assertj-core-3.25.3.jar;C:\Users\USER\.m2\repository\org\awaitility\awaitility\4.2.2\awaitility-4.2.2.jar;C:\Users\USER\.m2\repository\org\hamcrest\hamcrest\2.2\hamcrest-2.2.jar;C:\Users\USER\.m2\repository\org\junit\jupiter\junit-jupiter\5.10.5\junit-jupiter-5.10.5.jar;C:\Users\USER\.m2\repository\org\junit\jupiter\junit-jupiter-params\5.10.5\junit-jupiter-params-5.10.5.jar;C:\Users\USER\.m2\repository\org\mockito\mockito-junit-jupiter\5.11.0\mockito-junit-jupiter-5.11.0.jar;C:\Users\USER\.m2\repository\org\skyscreamer\jsonassert\1.5.3\jsonassert-1.5.3.jar;C:\Users\USER\.m2\repository\com\vaadin\external\google\android-json\0.0.20131108.vaadin1\android-json-0.0.20131108.vaadin1.jar;C:\Users\USER\.m2\repository\org\springframework\spring-core\6.1.18\spring-core-6.1.18.jar;C:\Users\USER\.m2\repository\org\springframework\spring-jcl\6.1.18\spring-jcl-6.1.18.jar;C:\Users\USER\.m2\repository\org\springframework\spring-test\6.1.18\spring-test-6.1.18.jar;C:\Users\USER\.m2\repository\org\xmlunit\xmlunit-core\2.9.1\xmlunit-core-2.9.1.jar;C:\Users\USER\.m2\repository\org\springdoc\springdoc-openapi-starter-webmvc-ui\2.6.0\springdoc-openapi-starter-webmvc-ui-2.6.0.jar;C:\Users\USER\.m2\repository\org\springdoc\springdoc-openapi-starter-webmvc-api\2.6.0\springdoc-openapi-starter-webmvc-api-2.6.0.jar;C:\Users\USER\.m2\repository\org\springdoc\springdoc-openapi-starter-common\2.6.0\springdoc-openapi-starter-common-2.6.0.jar;C:\Users\USER\.m2\repository\io\swagger\core\v3\swagger-core-jakarta\2.2.22\swagger-core-jakarta-2.2.22.jar;C:\Users\USER\.m2\repository\org\apache\commons\commons-lang3\3.14.0\commons-lang3-3.14.0.jar;C:\Users\USER\.m2\repository\io\swagger\core\v3\swagger-annotations-jakarta\2.2.22\swagger-annotations-jakarta-2.2.22.jar;C:\Users\USER\.m2\repository\io\swagger\core\v3\swagger-models-jakarta\2.2.22\swagger-models-jakarta-2.2.22.jar;C:\Users\USER\.m2\repository\jakarta\validation\jakarta.validation-api\3.0.2\jakarta.validation-api-3.0.2.jar;C:\Users\USER\.m2\repository\com\fasterxml\jackson\dataformat\jackson-dataformat-yaml\2.17.3\jackson-dataformat-yaml-2.17.3.jar;C:\Users\USER\.m2\repository\org\webjars\swagger-ui\5.17.14\swagger-ui-5.17.14.jar;C:\Users\USER\.m2\repository\org\springframework\boot\spring-boot-starter-hateoas\3.3.10\spring-boot-starter-hateoas-3.3.10.jar;C:\Users\USER\.m2\repository\org\springframework\hateoas\spring-hateoas\2.3.4\spring-hateoas-2.3.4.jar;C:\Users\USER\.m2\repository\org\springframework\plugin\spring-plugin-core\3.0.0\spring-plugin-core-3.0.0.jar;"/>
    <property name="sun.cpu.endian" value="little"/>
    <property name="user.home" value="C:\Users\USER"/>
    <property name="user.language" value="es"/>
    <property name="java.specification.vendor" value="Oracle Corporation"/>
    <property name="java.version.date" value="2024-04-16"/>
    <property name="java.home" value="C:\Program Files\Java\jdk-22"/>
    <property name="file.separator" value="\"/>
    <property name="basedir" value="C:\Users\USER\Desktop\Inventario"/>
    <property name="java.vm.compressedOopsMode" value="32-bit"/>
    <property name="line.separator" value="&#10;"/>
    <property name="java.vm.specification.vendor" value="Oracle Corporation"/>
    <property name="java.specification.name" value="Java Platform API Specification"/>
    <property name="FILE_LOG_CHARSET" value="UTF-8"/>
    <property name="java.awt.headless" value="true"/>
    <property name="surefire.real.class.path" value="C:\Users\USER\AppData\Local\Temp\surefire15324543274804106044\surefirebooter-20250623190417871_3.jar"/>
    <property name="user.script" value=""/>
    <property name="sun.management.compiler" value="HotSpot 64-Bit Tiered Compilers"/>
    <property name="java.runtime.version" value="22.0.1+8-16"/>
    <property name="user.name" value="USER"/>
    <property name="stdout.encoding" value="Cp1252"/>
    <property name="path.separator" value=";"/>
    <property name="os.version" value="10.0"/>
    <property name="java.runtime.name" value="Java(TM) SE Runtime Environment"/>
    <property name="file.encoding" value="UTF-8"/>
    <property name="java.vm.name" value="Java HotSpot(TM) 64-Bit Server VM"/>
    <property name="localRepository" value="C:\Users\USER\.m2\repository"/>
    <property name="java.vendor.url.bug" value="https://bugreport.java.com/bugreport/"/>
    <property name="java.io.tmpdir" value="C:\Users\USER\AppData\Local\Temp\"/>
    <property name="java.version" value="22.0.1"/>
    <property name="user.dir" value="C:\Users\USER\Desktop\Inventario"/>
    <property name="os.arch" value="amd64"/>
    <property name="java.vm.specification.name" value="Java Virtual Machine Specification"/>
    <property name="PID" value="1756"/>
    <property name="sun.os.patch.level" value=""/>
    <property name="CONSOLE_LOG_CHARSET" value="UTF-8"/>
    <property name="native.encoding" value="Cp1252"/>
    <property name="java.library.path" value="C:\Program Files\Java\jdk-22\bin;C:\Windows\Sun\Java\bin;C:\Windows\system32;C:\Windows;C:\Program Files\WindowsApps\Microsoft.PowerShell_7.5.1.0_x64__8wekyb3d8bbwe;C:\Program Files\Common Files\Oracle\Java\javapath;C:\Program Files (x86)\Common Files\Oracle\Java\java8path;C:\Program Files (x86)\Common Files\Oracle\Java\javapath;C:\Windows\system32;C:\Windows;C:\Windows\System32\Wbem;C:\Windows\System32\WindowsPowerShell\v1.0\;C:\Windows\System32\OpenSSH\;C:\Program Files\PuTTY\;C:\Program Files\Git\cmd;C:\ProgramData\chocolatey\bin;C:\Users\USER\Desktop\maven\apache-maven-3.9.10\bin;C:\Users\USER\AppData\Local\Programs\Python\Python312\Scripts\;C:\Users\USER\AppData\Local\Programs\Python\Python312\;C:\Users\USER\AppData\Local\Programs\Python\Launcher\;C:\Users\USER\AppData\Local\Microsoft\WindowsApps;C:\Users\USER\AppData\Local\Programs\Microsoft VS Code\bin;C:\Program Files\JetBrains\IntelliJ IDEA 2025.1\bin;;C:\Users\USER\AppData\Local\GitHubDesktop\bin;c:\Users\USER\AppData\Roaming\Code\User\globalStorage\github.copilot-chat\debugCommand;."/>
    <property name="java.vm.info" value="mixed mode, sharing"/>
    <property name="stderr.encoding" value="Cp1252"/>
    <property name="java.vendor" value="Oracle Corporation"/>
    <property name="java.vm.version" value="22.0.1+8-16"/>
    <property name="sun.io.unicode.encoding" value="UnicodeLittle"/>
    <property name="java.class.version" value="66.0"/>
    <property name="LOGGED_APPLICATION_NAME" value="[inventario] "/>
  </properties>
  <testcase name="registrarMovimiento_datosInvalidos_debeRetornarBadRequest" classname="cl.perfulandia.inventario.controller.MovimientoControllerTest" time="0.095">
    <system-out><![CDATA[2025-06-23T19:04:29.070-04:00  INFO 1756 --- [inventario] [           main] t.c.s.AnnotationConfigContextLoaderUtils : Could not detect default configuration classes for test class [cl.perfulandia.inventario.controller.MovimientoControllerTest]: MovimientoControllerTest does not declare any static, non-private, non-final, nested classes annotated with @Configuration.
2025-06-23T19:04:29.091-04:00  INFO 1756 --- [inventario] [           main] .b.t.c.SpringBootTestContextBootstrapper : Found @SpringBootConfiguration cl.perfulandia.inventario.InventarioApplication for test class cl.perfulandia.inventario.controller.MovimientoControllerTest
2025-06-23T19:04:29.098-04:00  INFO 1756 --- [inventario] [           main] o.s.b.d.r.RestartApplicationListener     : Restart disabled due to context in which it is running

  .   ____          _            __ _ _
 /\\ / ___'_ __ _ _(_)_ __  __ _ \ \ \ \
( ( )\___ | '_ | '_| | '_ \/ _` | \ \ \ \
 \\/  ___)| |_)| | | | | || (_| |  ) ) ) )
  '  |____| .__|_| |_|_| |_\__, | / / / /
 =========|_|==============|___/=/_/_/_/

 :: Spring Boot ::               (v3.3.10)

2025-06-23T19:04:29.143-04:00  INFO 1756 --- [inventario] [           main] c.p.i.c.MovimientoControllerTest         : Starting MovimientoControllerTest using Java 22.0.1 with PID 1756 (started by USER in C:\Users\USER\Desktop\Inventario)
2025-06-23T19:04:29.143-04:00  INFO 1756 --- [inventario] [           main] c.p.i.c.MovimientoControllerTest         : No active profile set, falling back to 1 default profile: "default"
2025-06-23T19:04:29.438-04:00  INFO 1756 --- [inventario] [           main] o.s.v.b.OptionalValidatorFactoryBean     : Failed to set up a Bean Validation provider: jakarta.validation.NoProviderFoundException: Unable to create a Configuration, because no Jakarta Bean Validation provider could be found. Add a provider like Hibernate Validator (RI) to your classpath.
2025-06-23T19:04:29.494-04:00  INFO 1756 --- [inventario] [           main] o.s.b.t.m.w.SpringBootMockServletContext : Initializing Spring TestDispatcherServlet ''
2025-06-23T19:04:29.495-04:00  INFO 1756 --- [inventario] [           main] o.s.t.web.servlet.TestDispatcherServlet  : Initializing Servlet ''
2025-06-23T19:04:29.495-04:00  INFO 1756 --- [inventario] [           main] o.s.t.web.servlet.TestDispatcherServlet  : Completed initialization in 0 ms
2025-06-23T19:04:29.501-04:00  INFO 1756 --- [inventario] [           main] c.p.i.c.MovimientoControllerTest         : Started MovimientoControllerTest in 0.404 seconds (process running for 11.221)
2025-06-23T19:04:29.591-04:00  INFO 1756 --- [inventario] [           main] c.p.i.controlador.MovimientoController   : Registrando movimiento: Movimiento(id=null, producto=null, sucursalId=null, cantidad=0, tipo=null, fechaHora=null)
2025-06-23T19:04:29.595-04:00 ERROR 1756 --- [inventario] [           main] c.p.i.controlador.MovimientoController   : Datos de movimiento inválidos: Movimiento(id=null, producto=null, sucursalId=null, cantidad=0, tipo=null, fechaHora=null)
]]></system-out>
  </testcase>
  <testcase name="movimientosPorSucursal_debeRetornarLista" classname="cl.perfulandia.inventario.controller.MovimientoControllerTest" time="0.015">
    <system-out><![CDATA[2025-06-23T19:04:29.608-04:00  INFO 1756 --- [inventario] [           main] c.p.i.controlador.MovimientoController   : Listando movimientos para la sucursal con ID: 1
]]></system-out>
  </testcase>
  <testcase name="listarMovimientos_vacio_debeRetornarColeccionVacia" classname="cl.perfulandia.inventario.controller.MovimientoControllerTest" time="0.027">
    <system-out><![CDATA[2025-06-23T19:04:29.624-04:00  INFO 1756 --- [inventario] [           main] c.p.i.controlador.MovimientoController   : Listando todos los movimientos de inventario
2025-06-23T19:04:29.624-04:00  WARN 1756 --- [inventario] [           main] c.p.i.controlador.MovimientoController   : No se encontraron movimientos de inventario
]]></system-out>
  </testcase>
  <testcase name="registrarMovimiento_debeRetornarMovimiento" classname="cl.perfulandia.inventario.controller.MovimientoControllerTest" time="0.028">
    <system-out><![CDATA[2025-06-23T19:04:29.659-04:00  INFO 1756 --- [inventario] [           main] c.p.i.controlador.MovimientoController   : Registrando movimiento: Movimiento(id=1, producto=Producto(id=2, nombre=null, descripcion=null, stock=0, stockMinimo=0, precio=0.0, stockTotal=0), sucursalId=1, cantidad=10, tipo=ENTRADA, fechaHora=null)
2025-06-23T19:04:29.669-04:00  INFO 1756 --- [inventario] [           main] c.p.i.controlador.MovimientoController   : Movimiento registrado correctamente: Movimiento(id=1, producto=Producto(id=2, nombre=null, descripcion=null, stock=0, stockMinimo=0, precio=0.0, stockTotal=0), sucursalId=1, cantidad=10, tipo=ENTRADA, fechaHora=null)
]]></system-out>
  </testcase>
  <testcase name="obtenerMovimiento_debeRetornarMovimiento" classname="cl.perfulandia.inventario.controller.MovimientoControllerTest" time="0.007">
    <system-out><![CDATA[2025-06-23T19:04:29.682-04:00  INFO 1756 --- [inventario] [           main] c.p.i.controlador.MovimientoController   : Obteniendo movimiento con ID: 1
]]></system-out>
  </testcase>
  <testcase name="eliminarMovimiento_debeRetornarNoContent" classname="cl.perfulandia.inventario.controller.MovimientoControllerTest" time="0.011">
    <system-out><![CDATA[2025-06-23T19:04:29.694-04:00  INFO 1756 --- [inventario] [           main] c.p.i.controlador.MovimientoController   : Eliminando movimiento con ID: 1
2025-06-23T19:04:29.695-04:00  INFO 1756 --- [inventario] [           main] c.p.i.controlador.MovimientoController   : Eliminando movimiento con ID: 1
]]></system-out>
  </testcase>
  <testcase name="registrarMovimiento_serviceRetornaNull_debeRetornarBadRequest" classname="cl.perfulandia.inventario.controller.MovimientoControllerTest" time="0.01">
    <system-out><![CDATA[2025-06-23T19:04:29.705-04:00  INFO 1756 --- [inventario] [           main] c.p.i.controlador.MovimientoController   : Registrando movimiento: Movimiento(id=null, producto=Producto(id=null, nombre=null, descripcion=null, stock=0, stockMinimo=0, precio=0.0, stockTotal=0), sucursalId=1, cantidad=1, tipo=ENTRADA, fechaHora=null)
2025-06-23T19:04:29.705-04:00  INFO 1756 --- [inventario] [           main] c.p.i.controlador.MovimientoController   : Movimiento registrado correctamente: null
2025-06-23T19:04:29.706-04:00 ERROR 1756 --- [inventario] [           main] c.p.i.controlador.MovimientoController   : Error al registrar el movimiento: null
]]></system-out>
  </testcase>
  <testcase name="movimientosPorProducto_debeRetornarLista" classname="cl.perfulandia.inventario.controller.MovimientoControllerTest" time="0.008">
    <system-out><![CDATA[2025-06-23T19:04:29.715-04:00  INFO 1756 --- [inventario] [           main] c.p.i.controlador.MovimientoController   : Listando movimientos para el producto con ID: 2
2025-06-23T19:04:29.715-04:00  INFO 1756 --- [inventario] [           main] c.p.i.controlador.MovimientoController   : Obteniendo movimientos para el producto con ID: 2
2025-06-23T19:04:29.715-04:00  INFO 1756 --- [inventario] [           main] c.p.i.controlador.MovimientoController   : Total de movimientos encontrados: 1
]]></system-out>
  </testcase>
  <testcase name="listarMovimientos_debeRetornarLista" classname="cl.perfulandia.inventario.controller.MovimientoControllerTest" time="0.01">
    <system-out><![CDATA[2025-06-23T19:04:29.725-04:00  INFO 1756 --- [inventario] [           main] c.p.i.controlador.MovimientoController   : Listando todos los movimientos de inventario
]]></system-out>
  </testcase>
  <testcase name="obtenerMovimiento_noExistente_debeRetornarModeloVacio" classname="cl.perfulandia.inventario.controller.MovimientoControllerTest" time="0.009">
    <system-out><![CDATA[2025-06-23T19:04:29.736-04:00  INFO 1756 --- [inventario] [           main] c.p.i.controlador.MovimientoController   : Obteniendo movimiento con ID: 99
2025-06-23T19:04:29.737-04:00  WARN 1756 --- [inventario] [           main] c.p.i.controlador.MovimientoController   : Movimiento no encontrado con ID: 99
]]></system-out>
  </testcase>
</testsuite>